<?xml version='1.0' encoding='UTF-8'?>
<testsuite hostname="FRL1195.local" name="TransformSpec" tests="1" errors="0" failures="0" skipped="0" time="3.453" timestamp="2024-02-01T00:27:24">
                     <properties>
[...]
</properties>
                     <testcase classname="TransformSpec" name="transform should merge inputs &amp; produce Dataset[SalesReportSchema]" time="3.453">
                                                 
                                               </testcase>
                     <system-out><![CDATA[]]></system-out>
                     <system-err><![CDATA[]]></system-err>
                   </testsuite>